[33mΓ¥»[39m Building...
[32mΓ£ö[39m Building...
Application bundle generation failed. [1.843 seconds] - 2026-03-18T17:23:25.123Z

node.exe : 
[1m[31m[31mX [41;3
1m[[41;97mERROR[41;3
1m][0m [1mTS2724: 
'"@angular/core"' has 
no exported member 
named 'provideExperime
ntalZonelessChangeDete
ction'. Did you mean '
provideZonelessChangeD
etection'?[0m 
[1m[35m[plugin 
angular-compiler][0m
At C:\Program Files\no
dejs\ng.ps1:16 char:5
+     & 
"$basedir/node$exe"  "
$basedir/node_modules/
@angular/cli/bin/ng 
...
+     ~~~~~~~~~~~~~~~~
~~~~~~~~~~~~~~~~~~~~~~
~~~~~~~~~~~~~~~~~~~~~~
~~~~~
    + CategoryInfo    
          : NotSpeci  
  fied: ([1m[31m   
 [31mX...r-compile    
r][0m:String) []    
, RemoteException
    + FullyQualifiedE 
   rrorId : NativeCo  
  mmandError
 

    src/app/app.config
.ts:1:28:
[37m      1 Γöé 
...ionConfig, [32mpro
videExperimentalZonele
ssChangeDetection[37m
 } from '@a...
        Γò╡           
    [32m~~~~~~~~~~~~~
~~~~~~~~~~~~~~~~~~~~~~
~~~~~~~[0m


[31mX [41;31m[[41;9
7mERROR[41;31m][0m 
[1mCould not resolve 
"@angular/animations/b
rowser"[0m

    node_modules/@angu
lar/platform-browser/f
esm2022/animations-asy
nc.mjs:37:53:
[37m      37 Γöé 
....moduleImpl ?? impo
rt([32m'@angular/anim
ations/browser'[37m).
then(m => m);
         Γò╡          
                [32m~
~~~~~~~~~~~~~~~~~~~~~~
~~~~~~[0m

  You can mark the 
path "@angular/animati
ons/browser" as 
external to exclude 
it from the bundle, 
which will remove 
this error and leave 
the unresolved path 
in the bundle. You 
can also add 
".catch()" here to 
handle this failure 
at run-time instead 
of bundle-time.

[39m[22m
